module (keyword)
complex_number (identifier)
is (keyword)
type (keyword)
complex_number_type (identifier)
is (keyword)
struct (keyword)
re (identifier)
: (operator)
float (identifier)
; (operator)
/* real */ (comment)
im (identifier)
: (operator)
float (identifier)
; (operator)
/* imaginary */ (comment)
end (keyword)
struct (keyword)
; (operator)
accessor (keyword)
imaginary (identifier)
( (operator)
c (identifier)
: (operator)
complex_number_type (identifier)
) (operator)
return (keyword)
float (identifier)
is (keyword)
begin (keyword)
return (keyword)
c (identifier)
. (operator)
im (identifier)
; (operator)
end (keyword)
imaginary (identifier)
; (operator)
accessor (keyword)
real (identifier)
( (operator)
c (identifier)
: (operator)
complex_number_type (identifier)
) (operator)
return (keyword)
float (identifier)
is (keyword)
begin (keyword)
return (keyword)
c (identifier)
. (operator)
re (identifier)
; (operator)
end (keyword)
imaginary (identifier)
; (operator)
function (keyword)
"+" (string)
( (operator)
c1 (identifier)
, (operator)
c2 (identifier)
: (operator)
complex_number_type (identifier)
) (operator)
return (keyword)
complex_number_type (identifier)
is (keyword)
tmp (identifier)
: (operator)
complex_number_type (identifier)
; (operator)
begin (keyword)
tmp (identifier)
. (operator)
re (identifier)
:= (operator)
c1 (identifier)
. (operator)
re (identifier)
+ (operator)
c2 (identifier)
. (operator)
re (identifier)
; (operator)
tmp (identifier)
. (operator)
im (identifier)
:= (operator)
c1 (identifier)
. (operator)
im (identifier)
+ (operator)
c2 (identifier)
. (operator)
im (identifier)
; (operator)
return (keyword)
tmp (identifier)
; (operator)
end (keyword)
"+" (string)
; (operator)
function (keyword)
"-" (string)
( (operator)
c1 (identifier)
, (operator)
c2 (identifier)
: (operator)
complex_number_type (identifier)
) (operator)
return (keyword)
complex_number_type (identifier)
is (keyword)
tmp (identifier)
: (operator)
complex_number_type (identifier)
; (operator)
begin (keyword)
tmp (identifier)
. (operator)
re (identifier)
:= (operator)
c1 (identifier)
. (operator)
re (identifier)
- (operator)
c2 (identifier)
. (operator)
re (identifier)
; (operator)
tmp (identifier)
. (operator)
im (identifier)
:= (operator)
c1 (identifier)
. (operator)
im (identifier)
- (operator)
c2 (identifier)
. (operator)
im (identifier)
; (operator)
return (keyword)
tmp (identifier)
; (operator)
end (keyword)
"-" (string)
; (operator)
end (keyword)
complex_number (identifier)
; (operator)
