module (keyword)
natural (keyword)
interface (keyword)
/*
     * types
     */ (comment)
type (keyword)
natural (keyword)
; (operator)
/*
     * routines
     */ (comment)
function (keyword)
"-" (string)
( (operator)
x (identifier)
: (operator)
natural (keyword)
) (operator)
return (keyword)
natural (keyword)
; (operator)
function (keyword)
"-" (string)
( (operator)
lhs (identifier)
, (operator)
rhs (identifier)
: (operator)
natural (keyword)
) (operator)
return (keyword)
natural (keyword)
; (operator)
function (keyword)
"+" (string)
( (operator)
lhs (identifier)
, (operator)
rhs (identifier)
: (operator)
natural (keyword)
) (operator)
return (keyword)
natural (keyword)
; (operator)
function (keyword)
"*" (string)
( (operator)
lhs (identifier)
, (operator)
rhs (identifier)
: (operator)
natural (keyword)
) (operator)
return (keyword)
natural (keyword)
; (operator)
function (keyword)
"/" (string)
( (operator)
lhs (identifier)
, (operator)
rhs (identifier)
: (operator)
natural (keyword)
) (operator)
return (keyword)
natural (keyword)
; (operator)
function (keyword)
"mod" (string)
( (operator)
lhs (identifier)
, (operator)
rhs (identifier)
: (operator)
natural (keyword)
) (operator)
return (keyword)
natural (keyword)
; (operator)
end (keyword)
natural (keyword)
; (operator)
